SERVER_HANDSHAKE_TRAFFIC_SECRET 33611bf24b19f11d558f709ee02f6971b060bdf3034602acb281c991309fa87f 3e7ada90c4203f11f200f32aebb399315303f37fe51030637fb1fb531a6cff95
EXPORTER_SECRET 33611bf24b19f11d558f709ee02f6971b060bdf3034602acb281c991309fa87f 62926d31a05823ae43297ad590a2ecc94fff6b32ffca8c48c084e5bbeb5b973d
SERVER_TRAFFIC_SECRET_0 33611bf24b19f11d558f709ee02f6971b060bdf3034602acb281c991309fa87f 6818bb8740c20d828a8d4c231c24201838ae9159ae617af7874fb0a1208e6ddb
CLIENT_HANDSHAKE_TRAFFIC_SECRET 33611bf24b19f11d558f709ee02f6971b060bdf3034602acb281c991309fa87f a69431c574675bbc64cad9dd89f56893a40eea131b089198255de9361afdf0a0
CLIENT_TRAFFIC_SECRET_0 33611bf24b19f11d558f709ee02f6971b060bdf3034602acb281c991309fa87f 92abbb3af5aba783c8c4800162196811a270c886f3aa4ea33d7c86b7267db740
# TLS secrets log file, generated by OpenSSL / Python
SERVER_HANDSHAKE_TRAFFIC_SECRET 81c2873f192af3ce97748e9aa6cc659cf06cefa8a9d41fb4d652be65f273a9ec 0081074a057c65137b422eaa7308a93fb32a5588e9cacfcdd9ffe07139ad2aa7
EXPORTER_SECRET 81c2873f192af3ce97748e9aa6cc659cf06cefa8a9d41fb4d652be65f273a9ec 47732b4988d49fb99722757b3ccb2eb36f366717895bb932c18e996670a84d9c
SERVER_TRAFFIC_SECRET_0 81c2873f192af3ce97748e9aa6cc659cf06cefa8a9d41fb4d652be65f273a9ec ba9381a3d626eeb8a1e30170580cd53b1f7b32ec3b0e64dddd8e377e2be51366
CLIENT_HANDSHAKE_TRAFFIC_SECRET 81c2873f192af3ce97748e9aa6cc659cf06cefa8a9d41fb4d652be65f273a9ec f0663a2aacc61b8728b3c1d9b1547de93a5f39ce34ea560c60ba0748ed01d84b
CLIENT_TRAFFIC_SECRET_0 81c2873f192af3ce97748e9aa6cc659cf06cefa8a9d41fb4d652be65f273a9ec acec6a81c51d398d29ccf3159cb04b9bd6115cde7a0e579e3a88b376ab65333d
# TLS secrets log file, generated by OpenSSL / Python
SERVER_HANDSHAKE_TRAFFIC_SECRET 7af25e278f9fcf483c909fe2947f05f9256a24baf5eb681f4c8abbac20ab937c 0b6cdead06dabad8bffb37ab7b306c9f647bffe8d380e76c3719c20c5e1613b1
EXPORTER_SECRET 7af25e278f9fcf483c909fe2947f05f9256a24baf5eb681f4c8abbac20ab937c 0e2f4d366b6d40e0c7d4d25ad8c52265f79bd008775707275863e3554caee903
SERVER_TRAFFIC_SECRET_0 7af25e278f9fcf483c909fe2947f05f9256a24baf5eb681f4c8abbac20ab937c c40a7891ea7d10976f9739618c2ae4b6d0094ae79f67ac6cd322db4f944955f4
CLIENT_HANDSHAKE_TRAFFIC_SECRET 7af25e278f9fcf483c909fe2947f05f9256a24baf5eb681f4c8abbac20ab937c 3c272d74b728b31e7568740758200dada7ca1cd1146ccef6cbf463940fa0e4e7
CLIENT_TRAFFIC_SECRET_0 7af25e278f9fcf483c909fe2947f05f9256a24baf5eb681f4c8abbac20ab937c 449ca778334dd6c521d0fc6b8dee7d5caf98eec1e6b2025711920d835a3060b8
# TLS secrets log file, generated by OpenSSL / Python
SERVER_HANDSHAKE_TRAFFIC_SECRET 7e14fa204d2e5f9e1b5eca4ce33e404e2d6c9e8735f8dbbe75b7b8bf22b43b3c b02e5678cefc221c1b7313335d25ed1e0c1f71d773d23db16701c9b7e52dffc7
EXPORTER_SECRET 7e14fa204d2e5f9e1b5eca4ce33e404e2d6c9e8735f8dbbe75b7b8bf22b43b3c 480c319c96464384cbf4eb91d8a3da2d81bca82aa24d057c504e46361c3bd80d
SERVER_TRAFFIC_SECRET_0 7e14fa204d2e5f9e1b5eca4ce33e404e2d6c9e8735f8dbbe75b7b8bf22b43b3c 6f3afd683718d3226b48bf5fc01057c39f869b53f84c114520062299ba538ba9
CLIENT_HANDSHAKE_TRAFFIC_SECRET 7e14fa204d2e5f9e1b5eca4ce33e404e2d6c9e8735f8dbbe75b7b8bf22b43b3c 6ed3752b4e3f41f5d3fdee179a6dbb6aaa4b8cfcf510719a9bb84e7de9f3c22c
CLIENT_TRAFFIC_SECRET_0 7e14fa204d2e5f9e1b5eca4ce33e404e2d6c9e8735f8dbbe75b7b8bf22b43b3c cb8f7a084a14e305cfedb1d637b79e355706a1517266e90765a32219a3120e23
# TLS secrets log file, generated by OpenSSL / Python
SERVER_HANDSHAKE_TRAFFIC_SECRET a80fbc1129d89da258b0172ef196ea2a12d45f8e9e6cab6e62aaffac4ad28858 090f4a5138c2a67f533dad42d4b82d00c5e3a9469c7f87162528211f4444c60e
EXPORTER_SECRET a80fbc1129d89da258b0172ef196ea2a12d45f8e9e6cab6e62aaffac4ad28858 d024505784060c95e7175e97bf12a4ba4caba80450bd15a460ee018921cbffec
SERVER_TRAFFIC_SECRET_0 a80fbc1129d89da258b0172ef196ea2a12d45f8e9e6cab6e62aaffac4ad28858 d94d08be0f8d4a916566f2872462254295d2ba3a4d30a843869c4691f58dc0eb
CLIENT_HANDSHAKE_TRAFFIC_SECRET a80fbc1129d89da258b0172ef196ea2a12d45f8e9e6cab6e62aaffac4ad28858 f0b3115a82c5583e4756997cb9e5a0ec95e0e1455ac6911dfefcbe6f16b45244
CLIENT_TRAFFIC_SECRET_0 a80fbc1129d89da258b0172ef196ea2a12d45f8e9e6cab6e62aaffac4ad28858 2021a3acf5920498d92d15ec1cd402ea2ac61b6497382b495d98f403b5afcf58
# TLS secrets log file, generated by OpenSSL / Python
SERVER_HANDSHAKE_TRAFFIC_SECRET 2fbef85f5716c1cb201d2e2dafd048b401f3bcb4502a0ec9c00a09858e50b8dc bfa24bcd12ceee14c7d23c9f4bf763f45c5674d70e8e408f24d93554d3d69a2a
EXPORTER_SECRET 2fbef85f5716c1cb201d2e2dafd048b401f3bcb4502a0ec9c00a09858e50b8dc 56600dbde5ca4c3a0faf681517ff8f0c72bf52f1e17856779a8023007751db51
SERVER_TRAFFIC_SECRET_0 2fbef85f5716c1cb201d2e2dafd048b401f3bcb4502a0ec9c00a09858e50b8dc 571e1466e663d44cedbf0191111025a407c1895d74363b57bcd9575b4d4e429c
CLIENT_HANDSHAKE_TRAFFIC_SECRET 2fbef85f5716c1cb201d2e2dafd048b401f3bcb4502a0ec9c00a09858e50b8dc bd64876023e98dc028afed57c75725cced26173bec4fd68e380524bbd84e013e
CLIENT_TRAFFIC_SECRET_0 2fbef85f5716c1cb201d2e2dafd048b401f3bcb4502a0ec9c00a09858e50b8dc 30a792938d94dbe5c88214b32dd81d5521c6c60d45a9bbf00f9cad2c4d602868
# TLS secrets log file, generated by OpenSSL / Python
SERVER_HANDSHAKE_TRAFFIC_SECRET bfb7e5965ed061dbadbafa95d1addfff2a3acc40ab415642d847935ccf9b4215 e06f25e120c6b47d92fcda0ce8e2f4131dc6fe5836af40c4eae6fcd090f2b5ff
EXPORTER_SECRET bfb7e5965ed061dbadbafa95d1addfff2a3acc40ab415642d847935ccf9b4215 b0fb13e8187da80140640a22c3b4d961917adc0ee3efe74fe7ccf4d4f2919b62
SERVER_TRAFFIC_SECRET_0 bfb7e5965ed061dbadbafa95d1addfff2a3acc40ab415642d847935ccf9b4215 d496894df273add46e756002c62c52471264ed3d430409e31b2def7e6b48114c
CLIENT_HANDSHAKE_TRAFFIC_SECRET bfb7e5965ed061dbadbafa95d1addfff2a3acc40ab415642d847935ccf9b4215 c8ed3f3f86d520ac94fb2803b14b886a22e25f9b6af9bf44faade2b9d6f31b4e
CLIENT_TRAFFIC_SECRET_0 bfb7e5965ed061dbadbafa95d1addfff2a3acc40ab415642d847935ccf9b4215 fb316e7e256065a2b99ce217023d278bf778b63d4bbea7be2469134f55a35b92
# TLS secrets log file, generated by OpenSSL / Python
SERVER_HANDSHAKE_TRAFFIC_SECRET 8a0ecd1f43979e9ea8e39ddfdac67bafa59f09fed5df85484e889bc9b1f776c1 498c817d459e1810cc93ca15994d50e46f308849fa027f081cfa68e15ac3c362
EXPORTER_SECRET 8a0ecd1f43979e9ea8e39ddfdac67bafa59f09fed5df85484e889bc9b1f776c1 91cf0bd0f96b30b8414cb24d35e531cb77fc8e0eb1bd1a92df88932ea394aef6
SERVER_TRAFFIC_SECRET_0 8a0ecd1f43979e9ea8e39ddfdac67bafa59f09fed5df85484e889bc9b1f776c1 0e8ab40217f039413af0a2ddaa7b64806a72dea8aa3072c285b258e8724c1316
CLIENT_HANDSHAKE_TRAFFIC_SECRET 8a0ecd1f43979e9ea8e39ddfdac67bafa59f09fed5df85484e889bc9b1f776c1 db9a8db269394716106e9603888638119eff7d7a366ee5f51af4f73d4c577ffc
CLIENT_TRAFFIC_SECRET_0 8a0ecd1f43979e9ea8e39ddfdac67bafa59f09fed5df85484e889bc9b1f776c1 92a50063943ce9f1fd547c11270c89916202b7a2f3c1e00e69e48bfa894edfa0
# TLS secrets log file, generated by OpenSSL / Python
SERVER_HANDSHAKE_TRAFFIC_SECRET 2ae02a39eb145d5bb2c8b058f89e00cdb45203660002eabf27329bebbeb8978a 28b50cc44158cfd332fddd7f166dd77b6b08f396afd769a6aea04fb00d2f0d73
EXPORTER_SECRET 2ae02a39eb145d5bb2c8b058f89e00cdb45203660002eabf27329bebbeb8978a 6960796b4fe6c75022a7db1579c6dd50825e5bf9bc5686811cf850e86cb884e1
SERVER_TRAFFIC_SECRET_0 2ae02a39eb145d5bb2c8b058f89e00cdb45203660002eabf27329bebbeb8978a 791d949e4198f3e53422a815371db5295b6fa4aa2e929b1b53100cf4352ac19a
CLIENT_HANDSHAKE_TRAFFIC_SECRET 2ae02a39eb145d5bb2c8b058f89e00cdb45203660002eabf27329bebbeb8978a b657f08f2123c38ceeec8c71db55433d8ab11b75b915b219de730c66cebcd912
CLIENT_TRAFFIC_SECRET_0 2ae02a39eb145d5bb2c8b058f89e00cdb45203660002eabf27329bebbeb8978a 29ced48026c5a5a29bd533d786f95b325cac954b3fc0a1575c358e2772ce6bb7
SERVER_HANDSHAKE_TRAFFIC_SECRET 0cbebd6b0859be18d0d39ae6427876225050148c5dbd62943c1d4d0491b740a6 81aacc99063a600455141d764d4280a051e143ea93e8a85e131d1e539f5f9608
EXPORTER_SECRET 0cbebd6b0859be18d0d39ae6427876225050148c5dbd62943c1d4d0491b740a6 ab0ff56528b10bee018078ea3a4d886efc695a56dc2deb7982f8b6e477e64d3f
SERVER_TRAFFIC_SECRET_0 0cbebd6b0859be18d0d39ae6427876225050148c5dbd62943c1d4d0491b740a6 3ab4af7f81ab3aaf7cc934aa1d89665a4c7184fefe2dc2635b149384122ef4fb
CLIENT_HANDSHAKE_TRAFFIC_SECRET 0cbebd6b0859be18d0d39ae6427876225050148c5dbd62943c1d4d0491b740a6 53d3a21d383768e613ada5bd73751ee2e6dc2b7329748f793df9afd04d57e324
CLIENT_TRAFFIC_SECRET_0 0cbebd6b0859be18d0d39ae6427876225050148c5dbd62943c1d4d0491b740a6 8d3fdbda2e9be7d8211a2a5f94454bba162536db8c64376ec4c8be730b1687d5
SERVER_HANDSHAKE_TRAFFIC_SECRET 47c81f47f88e7c2baf80b957b90ec4a80b952785f557090c41a0629b8a8dc8e2 3323633cf70782d120754ddc13abe67699d41b597ad8f812eb21a7b71c5f6129
EXPORTER_SECRET 47c81f47f88e7c2baf80b957b90ec4a80b952785f557090c41a0629b8a8dc8e2 93fa36fd9105498dcd9d723c2acc48ff098a71f96d17e5dd8f86d64c3161aa71
SERVER_TRAFFIC_SECRET_0 47c81f47f88e7c2baf80b957b90ec4a80b952785f557090c41a0629b8a8dc8e2 a3b41e4f35d1e89ed66ece900795a22ee6965fe0847a119238eae2524bd72b6a
CLIENT_HANDSHAKE_TRAFFIC_SECRET 47c81f47f88e7c2baf80b957b90ec4a80b952785f557090c41a0629b8a8dc8e2 60dba8b426d763897ec8d0d6efe91db80fcfc8859258e19a36d5763a3fc40104
CLIENT_TRAFFIC_SECRET_0 47c81f47f88e7c2baf80b957b90ec4a80b952785f557090c41a0629b8a8dc8e2 d2c5081f4bebc3ef49d4b04194b45733727a46c0575d86b3969cad2b1ee6ee1e
